Arguments: 
  /usr/local/Cellar/node@8/8.9.4/bin/node /usr/local/bin/yarn dev

PATH: 
  /usr/local/opt/node@8/bin:/Users/bilolwabona/.rvm/gems/ruby-2.3.3/bin:/Users/bilolwabona/.rvm/gems/ruby-2.3.3@global/bin:/Users/bilolwabona/.rvm/rubies/ruby-2.3.3/bin:/Users/bilolwabona/.dnx/runtimes/dnx-mono.1.0.0-rc1-update1/bin:/usr/local/bin:/usr/local/mysql/bin:/Users/bilolwabona/bin:/usr/local/bin:/usr/local/bin:/usr/bin:/bin:/usr/sbin:/sbin:/usr/local/share/dotnet:~/.dotnet/tools:/Library/Frameworks/Mono.framework/Versions/Current/Commands:/Library/TeX/texbin:/usr/local/opt/node@8/bin:/Users/bilolwabona/.rvm/gems/ruby-2.3.3/bin:/Users/bilolwabona/.rvm/gems/ruby-2.3.3@global/bin:/Users/bilolwabona/.rvm/rubies/ruby-2.3.3/bin:/Users/bilolwabona/.dnx/bin:/usr/local/mysql/bin:/Users/bilolwabona/bin:/usr/local/mongodb/bin:/Applications/Visual Studio Code.app/Contents/Resources/app/bin:/Users/bilolwabona/.rvm/bin:/usr/local/mongodb/bin:/Applications/Visual Studio Code.app/Contents/Resources/app/bin

Yarn version: 
  1.5.1

Node version: 
  8.9.4

Platform: 
  darwin x64

npm manifest: 
  {
    "name": "newstruct",
    "version": "1.0.0",
    "description": "",
    "main": "index.js",
    "scripts": {
      "dev": "webpack-dev-server --inline --progress --port 8080",
      "build": "webpack -p",
      "start":"node ./artifact/server.js",
      "test": "echo \"Error: no test specified\" && exit 1"
    },
    "author": "",
    "license": "ISC",
    "dependencies": {
      "express": "^4.16.3",
      "express-history-api-fallback": "^2.2.1",
      "react-router": "^4.3.1",
      "react-router-dom": "^4.3.1"
    },
    "devDependencies": {
      "babel-core": "^6.26.3",
      "babel-loader": "^7.1.5",
      "babel-preset-es2015": "^6.24.1",
      "babel-preset-react": "^6.24.1",
      "babel-preset-stage-2": "^6.24.1",
      "css-loader": "^1.0.0",
      "file-loader": "^1.1.11",
      "html-webpack-plugin": "^3.2.0",
      "node-sass": "^4.9.2",
      "react": "^16.4.1",
      "react-dom": "^16.4.1",
      "react-redux": "^5.0.7",
      "redux": "^4.0.0",
      "redux-logger": "^3.0.6",
      "redux-thunk": "^2.3.0",
      "sass-loader": "^7.0.3",
      "style-loader": "^0.21.0",
      "webpack": "^4.16.0",
      "webpack-dev-server": "^3.1.4"
    }
  }

yarn manifest: 
  No manifest

Lockfile: 
  No lockfile

Trace: 
  Error: Command failed.
  Exit code: 1
  Command: sh
  Arguments: -c webpack-dev-server --inline --progress --port 8080
  Directory: /Users/bilolwabona/Midnite/bilo-cli/newStruct
  Output:
  
      at ProcessTermError.MessageError (/usr/local/lib/node_modules/yarn/lib/cli.js:186:110)
      at new ProcessTermError (/usr/local/lib/node_modules/yarn/lib/cli.js:226:113)
      at ChildProcess.<anonymous> (/usr/local/lib/node_modules/yarn/lib/cli.js:30281:17)
      at emitTwo (events.js:126:13)
      at ChildProcess.emit (events.js:214:7)
      at maybeClose (internal/child_process.js:925:16)
      at Process.ChildProcess._handle.onexit (internal/child_process.js:209:5)
